<?xml version="1.0" encoding="UTF-8"?>
<!-- Generated by org.testng.reporters.JUnitReportReporter -->
<testsuite hostname="LAPTOP-NKV4AE7T" failures="0" tests="1" name="com.dashIT.estore.AppTest" time="0.004" errors="0" timestamp="2020-04-18T15:11:23 BST" skipped="0">
  <testcase classname="com.dashIT.estore.AppTest" name="testApp" time="0.004"/>
  <system-out/>
</testsuite> <!-- com.dashIT.estore.AppTest -->
