<?xml version="1.0" encoding="UTF-8"?>
<!-- Generated by org.testng.reporters.JUnitReportReporter -->
<testsuite hostname="LAPTOP-NKV4AE7T" failures="0" tests="1" name="demodemo.DemoDemo1" time="25.195" errors="0" timestamp="2020-05-02T15:39:00 BST" skipped="0">
  <testcase classname="demodemo.DemoDemo1" name="ecomDashIt" time="25.195"/>
  <system-out/>
</testsuite> <!-- demodemo.DemoDemo1 -->
